<?xml version="1.0" encoding="UTF-8"?>
<testng-results ignored="12" total="28" passed="14" failed="2" skipped="0">
  <reporter-output>
  </reporter-output>
  <suite started-at="2024-03-16T12:44:58 IST" name="Suite" finished-at="2024-03-16T12:53:36 IST" duration-ms="517901">
    <groups>
    </groups>
    <test started-at="2024-03-16T12:44:58 IST" name="Test" finished-at="2024-03-16T12:53:36 IST" duration-ms="517901">
      <class name="Resources.BDEClass">
        <test-method is-config="true" signature="initializeUtility()[pri:0, instance:Resources.BDEClass@19fb8826]" started-at="2024-03-16T12:44:58 IST" name="initializeUtility" finished-at="2024-03-16T12:44:58 IST" duration-ms="1" status="PASS">
          <reporter-output>
          </reporter-output>
        </test-method> <!-- initializeUtility -->
        <test-method signature="getLogin()[pri:1, instance:Resources.BDEClass@19fb8826]" started-at="2024-03-16T12:44:58 IST" name="getLogin" finished-at="2024-03-16T12:45:11 IST" duration-ms="12072" status="PASS">
          <reporter-output>
          </reporter-output>
        </test-method> <!-- getLogin -->
        <test-method is-config="true" signature="initializeUtility()[pri:0, instance:Resources.BDEClass@19fb8826]" started-at="2024-03-16T12:45:11 IST" name="initializeUtility" finished-at="2024-03-16T12:45:11 IST" duration-ms="0" status="PASS">
          <reporter-output>
          </reporter-output>
        </test-method> <!-- initializeUtility -->
        <test-method signature="addLeadComapnyDeatail()[pri:3, instance:Resources.BDEClass@19fb8826]" started-at="2024-03-16T12:45:11 IST" name="addLeadComapnyDeatail" finished-at="2024-03-16T12:46:22 IST" duration-ms="71280" status="PASS">
          <reporter-output>
          </reporter-output>
        </test-method> <!-- addLeadComapnyDeatail -->
        <test-method is-config="true" signature="initializeUtility()[pri:0, instance:Resources.BDEClass@19fb8826]" started-at="2024-03-16T12:46:22 IST" name="initializeUtility" finished-at="2024-03-16T12:46:22 IST" duration-ms="1" status="PASS">
          <reporter-output>
          </reporter-output>
        </test-method> <!-- initializeUtility -->
        <test-method signature="productDetails()[pri:4, instance:Resources.BDEClass@19fb8826]" started-at="2024-03-16T12:46:22 IST" name="productDetails" finished-at="2024-03-16T12:47:03 IST" duration-ms="41062" status="PASS">
          <reporter-output>
          </reporter-output>
        </test-method> <!-- productDetails -->
        <test-method is-config="true" signature="initializeUtility()[pri:0, instance:Resources.BDEClass@19fb8826]" started-at="2024-03-16T12:47:03 IST" name="initializeUtility" finished-at="2024-03-16T12:47:03 IST" duration-ms="1" status="PASS">
          <reporter-output>
          </reporter-output>
        </test-method> <!-- initializeUtility -->
        <test-method signature="addMeetingForProspect()[pri:5, instance:Resources.BDEClass@19fb8826]" started-at="2024-03-16T12:47:03 IST" name="addMeetingForProspect" finished-at="2024-03-16T12:47:19 IST" duration-ms="16492" status="PASS">
          <reporter-output>
          </reporter-output>
        </test-method> <!-- addMeetingForProspect -->
        <test-method is-config="true" signature="initializeUtility()[pri:0, instance:Resources.BDEClass@19fb8826]" started-at="2024-03-16T12:47:19 IST" name="initializeUtility" finished-at="2024-03-16T12:47:19 IST" duration-ms="0" status="PASS">
          <reporter-output>
          </reporter-output>
        </test-method> <!-- initializeUtility -->
        <test-method signature="prospect()[pri:6, instance:Resources.BDEClass@19fb8826]" started-at="2024-03-16T12:47:19 IST" name="prospect" finished-at="2024-03-16T12:47:51 IST" duration-ms="31856" status="PASS">
          <reporter-output>
          </reporter-output>
        </test-method> <!-- prospect -->
        <test-method signature="todaysFollowup()[pri:7, instance:Resources.BDEClass@19fb8826]" started-at="2024-03-16T12:47:51 IST" name="todaysFollowup" finished-at="2024-03-16T12:48:18 IST" duration-ms="26940" status="PASS">
          <reporter-output>
          </reporter-output>
        </test-method> <!-- todaysFollowup -->
        <test-method is-config="true" signature="initializeUtility()[pri:0, instance:Resources.BDEClass@19fb8826]" started-at="2024-03-16T12:47:51 IST" name="initializeUtility" finished-at="2024-03-16T12:47:51 IST" duration-ms="0" status="PASS">
          <reporter-output>
          </reporter-output>
        </test-method> <!-- initializeUtility -->
        <test-method is-config="true" signature="initializeUtility()[pri:0, instance:Resources.BDEClass@19fb8826]" started-at="2024-03-16T12:48:18 IST" name="initializeUtility" finished-at="2024-03-16T12:48:18 IST" duration-ms="1" status="PASS">
          <reporter-output>
          </reporter-output>
        </test-method> <!-- initializeUtility -->
        <test-method signature="getLogout()[pri:8, instance:Resources.BDEClass@19fb8826]" started-at="2024-03-16T12:48:18 IST" name="getLogout" finished-at="2024-03-16T12:48:25 IST" duration-ms="6806" status="PASS">
          <reporter-output>
          </reporter-output>
        </test-method> <!-- getLogout -->
      </class> <!-- Resources.BDEClass -->
      <class name="Resources.BaseClass">
        <test-method is-config="true" signature="setUp()[pri:0, instance:Resources.BaseClass@63a12c68]" started-at="2024-03-16T12:44:39 IST" name="setUp" finished-at="2024-03-16T12:44:58 IST" duration-ms="19262" status="PASS">
          <reporter-output>
          </reporter-output>
        </test-method> <!-- setUp -->
        <test-method is-config="true" signature="ExtentReport()[pri:0, instance:Resources.BaseClass@63a12c68]" started-at="2024-03-16T12:44:58 IST" name="ExtentReport" finished-at="2024-03-16T12:44:58 IST" duration-ms="298" status="PASS">
          <reporter-output>
          </reporter-output>
        </test-method> <!-- ExtentReport -->
        <test-method is-config="true" signature="endReport()[pri:0, instance:Resources.BaseClass@63a12c68]" started-at="2024-03-16T12:53:36 IST" name="endReport" finished-at="2024-03-16T12:53:36 IST" duration-ms="382" status="PASS">
          <reporter-output>
          </reporter-output>
        </test-method> <!-- endReport -->
        <test-method is-config="true" signature="globalTeardown()[pri:0, instance:Resources.BaseClass@63a12c68]" started-at="2024-03-16T12:53:36 IST" name="globalTeardown" finished-at="2024-03-16T12:53:41 IST" duration-ms="4822" status="PASS">
          <reporter-output>
          </reporter-output>
        </test-method> <!-- globalTeardown -->
      </class> <!-- Resources.BaseClass -->
      <class name="Resources.BDMClass">
        <test-method is-config="true" signature="initializeUtility()[pri:0, instance:Resources.BDMClass@192d74fb]" started-at="2024-03-16T12:48:25 IST" name="initializeUtility" finished-at="2024-03-16T12:48:25 IST" duration-ms="1" status="PASS">
          <reporter-output>
          </reporter-output>
        </test-method> <!-- initializeUtility -->
        <test-method signature="getLogin()[pri:1, instance:Resources.BDMClass@192d74fb]" started-at="2024-03-16T12:48:25 IST" name="getLogin" finished-at="2024-03-16T12:48:39 IST" duration-ms="14089" status="PASS">
          <reporter-output>
          </reporter-output>
        </test-method> <!-- getLogin -->
        <test-method is-config="true" signature="initializeUtility()[pri:0, instance:Resources.BDMClass@192d74fb]" started-at="2024-03-16T12:48:39 IST" name="initializeUtility" finished-at="2024-03-16T12:48:39 IST" duration-ms="0" status="PASS">
          <reporter-output>
          </reporter-output>
        </test-method> <!-- initializeUtility -->
        <test-method signature="potentialConversionRequestAccept()[pri:2, instance:Resources.BDMClass@192d74fb]" started-at="2024-03-16T12:48:39 IST" name="potentialConversionRequestAccept" finished-at="2024-03-16T12:49:08 IST" duration-ms="28780" status="PASS">
          <reporter-output>
          </reporter-output>
        </test-method> <!-- potentialConversionRequestAccept -->
        <test-method is-config="true" signature="initializeUtility()[pri:0, instance:Resources.BDMClass@192d74fb]" started-at="2024-03-16T12:49:08 IST" name="initializeUtility" finished-at="2024-03-16T12:49:08 IST" duration-ms="0" status="PASS">
          <reporter-output>
          </reporter-output>
        </test-method> <!-- initializeUtility -->
        <test-method signature="addMeetingForPotential()[pri:3, instance:Resources.BDMClass@192d74fb]" started-at="2024-03-16T12:49:08 IST" name="addMeetingForPotential" finished-at="2024-03-16T12:50:56 IST" duration-ms="107679" status="PASS">
          <reporter-output>
          </reporter-output>
        </test-method> <!-- addMeetingForPotential -->
        <test-method is-config="true" signature="initializeUtility()[pri:0, instance:Resources.BDMClass@192d74fb]" started-at="2024-03-16T12:50:56 IST" name="initializeUtility" finished-at="2024-03-16T12:50:56 IST" duration-ms="1" status="PASS">
          <reporter-output>
          </reporter-output>
        </test-method> <!-- initializeUtility -->
        <test-method signature="convertToClient()[pri:4, instance:Resources.BDMClass@192d74fb]" started-at="2024-03-16T12:50:56 IST" name="convertToClient" finished-at="2024-03-16T12:51:17 IST" duration-ms="21910" status="PASS">
          <reporter-output>
          </reporter-output>
        </test-method> <!-- convertToClient -->
        <test-method is-config="true" signature="initializeUtility()[pri:0, instance:Resources.BDMClass@192d74fb]" started-at="2024-03-16T12:51:18 IST" name="initializeUtility" finished-at="2024-03-16T12:51:18 IST" duration-ms="1" status="PASS">
          <reporter-output>
          </reporter-output>
        </test-method> <!-- initializeUtility -->
        <test-method signature="getLogout()[pri:5, instance:Resources.BDMClass@192d74fb]" started-at="2024-03-16T12:51:18 IST" name="getLogout" finished-at="2024-03-16T12:51:26 IST" duration-ms="8733" status="PASS">
          <reporter-output>
          </reporter-output>
        </test-method> <!-- getLogout -->
      </class> <!-- Resources.BDMClass -->
      <class name="Resources.COOClass">
        <test-method is-config="true" signature="initializeUtility()[pri:0, instance:Resources.COOClass@4bef0fe3]" started-at="2024-03-16T12:51:26 IST" name="initializeUtility" finished-at="2024-03-16T12:51:26 IST" duration-ms="1" status="PASS">
          <reporter-output>
          </reporter-output>
        </test-method> <!-- initializeUtility -->
        <test-method signature="getLogin()[pri:1, instance:Resources.COOClass@4bef0fe3]" started-at="2024-03-16T12:51:26 IST" name="getLogin" finished-at="2024-03-16T12:51:38 IST" duration-ms="11626" status="PASS">
          <reporter-output>
          </reporter-output>
        </test-method> <!-- getLogin -->
        <test-method is-config="true" signature="initializeUtility()[pri:0, instance:Resources.COOClass@4bef0fe3]" started-at="2024-03-16T12:51:38 IST" name="initializeUtility" finished-at="2024-03-16T12:51:38 IST" duration-ms="1" status="PASS">
          <reporter-output>
          </reporter-output>
        </test-method> <!-- initializeUtility -->
        <test-method signature="CompleteMeeting()[pri:2, instance:Resources.COOClass@4bef0fe3]" started-at="2024-03-16T12:51:38 IST" name="CompleteMeeting" finished-at="2024-03-16T12:52:39 IST" duration-ms="61145" status="PASS">
          <reporter-output>
          </reporter-output>
        </test-method> <!-- CompleteMeeting -->
        <test-method is-config="true" signature="initializeUtility()[pri:0, instance:Resources.COOClass@4bef0fe3]" started-at="2024-03-16T12:52:39 IST" name="initializeUtility" finished-at="2024-03-16T12:52:39 IST" duration-ms="2" status="PASS">
          <reporter-output>
          </reporter-output>
        </test-method> <!-- initializeUtility -->
        <test-method signature="clientConversionRequestAccept()[pri:3, instance:Resources.COOClass@4bef0fe3]" started-at="2024-03-16T12:52:39 IST" name="clientConversionRequestAccept" finished-at="2024-03-16T12:53:01 IST" duration-ms="21668" status="FAIL">
          <exception class="org.openqa.selenium.StaleElementReferenceException">
            <message>
              <![CDATA[The element 'By.xpath: //android.widget.ImageView[@resource-id="com.ssi.agroworlds:id/backImgView"]' does not exist in DOM anymore
For documentation on this error, please visit: https://www.selenium.dev/documentation/webdriver/troubleshooting/errors#stale-element-reference-exception
Build info: version: '4.16.1', revision: '9b4c83354e'
System info: os.name: 'Windows 10', os.arch: 'amd64', os.version: '10.0', java.version: '17.0.6'
Driver info: io.appium.java_client.android.AndroidDriver
Command: [36c7ad27-7064-44fd-b012-9b83b9fbf0ec, clickElement {id=00000000-0000-3f1d-ffff-ffff00001590}]
Capabilities {appium:appActivity: com.ssi.agroworlds.view.ui...., appium:appPackage: com.ssi.agroworlds, appium:autoGrantPermissions: true, appium:automationName: UiAutomator2, appium:databaseEnabled: false, appium:desired: {appActivity: com.ssi.agroworlds.view.ui...., appPackage: com.ssi.agroworlds, autoGrantPermissions: true, automationName: UiAutomator2, deviceName: vivo Y36, platformName: ANDROID, platformVersion: 13, udid: 10BDB70PG4000XX}, appium:deviceApiLevel: 33, appium:deviceManufacturer: vivo, appium:deviceModel: V2247, appium:deviceName: 10BDB70PG4000XX, appium:deviceScreenDensity: 440, appium:deviceScreenSize: 1080x2388, appium:deviceUDID: 10BDB70PG4000XX, appium:javascriptEnabled: true, appium:locationContextEnabled: false, appium:networkConnectionEnabled: true, appium:pixelRatio: 2.75, appium:platformVersion: 13, appium:statBarHeight: 99, appium:takesScreenshot: true, appium:udid: 10BDB70PG4000XX, appium:viewportRect: {height: 2289, left: 0, top: 99, width: 1080}, appium:warnings: {}, appium:webStorageEnabled: false, platformName: ANDROID}
Element: [[AndroidDriver:  on ANDROID (36c7ad27-7064-44fd-b012-9b83b9fbf0ec)] -> xpath: //android.widget.ImageView[@resource-id="com.ssi.agroworlds:id/backImgView"]]
Session ID: 36c7ad27-7064-44fd-b012-9b83b9fbf0ec]]>
            </message>
            <full-stacktrace>
              <![CDATA[org.openqa.selenium.StaleElementReferenceException: The element 'By.xpath: //android.widget.ImageView[@resource-id="com.ssi.agroworlds:id/backImgView"]' does not exist in DOM anymore
For documentation on this error, please visit: https://www.selenium.dev/documentation/webdriver/troubleshooting/errors#stale-element-reference-exception
Build info: version: '4.16.1', revision: '9b4c83354e'
System info: os.name: 'Windows 10', os.arch: 'amd64', os.version: '10.0', java.version: '17.0.6'
Driver info: io.appium.java_client.android.AndroidDriver
Command: [36c7ad27-7064-44fd-b012-9b83b9fbf0ec, clickElement {id=00000000-0000-3f1d-ffff-ffff00001590}]
Capabilities {appium:appActivity: com.ssi.agroworlds.view.ui...., appium:appPackage: com.ssi.agroworlds, appium:autoGrantPermissions: true, appium:automationName: UiAutomator2, appium:databaseEnabled: false, appium:desired: {appActivity: com.ssi.agroworlds.view.ui...., appPackage: com.ssi.agroworlds, autoGrantPermissions: true, automationName: UiAutomator2, deviceName: vivo Y36, platformName: ANDROID, platformVersion: 13, udid: 10BDB70PG4000XX}, appium:deviceApiLevel: 33, appium:deviceManufacturer: vivo, appium:deviceModel: V2247, appium:deviceName: 10BDB70PG4000XX, appium:deviceScreenDensity: 440, appium:deviceScreenSize: 1080x2388, appium:deviceUDID: 10BDB70PG4000XX, appium:javascriptEnabled: true, appium:locationContextEnabled: false, appium:networkConnectionEnabled: true, appium:pixelRatio: 2.75, appium:platformVersion: 13, appium:statBarHeight: 99, appium:takesScreenshot: true, appium:udid: 10BDB70PG4000XX, appium:viewportRect: {height: 2289, left: 0, top: 99, width: 1080}, appium:warnings: {}, appium:webStorageEnabled: false, platformName: ANDROID}
Element: [[AndroidDriver:  on ANDROID (36c7ad27-7064-44fd-b012-9b83b9fbf0ec)] -> xpath: //android.widget.ImageView[@resource-id="com.ssi.agroworlds:id/backImgView"]]
Session ID: 36c7ad27-7064-44fd-b012-9b83b9fbf0ec
at java.base/jdk.internal.reflect.NativeConstructorAccessorImpl.newInstance0(Native Method)
at java.base/jdk.internal.reflect.NativeConstructorAccessorImpl.newInstance(NativeConstructorAccessorImpl.java:77)
at java.base/jdk.internal.reflect.DelegatingConstructorAccessorImpl.newInstance(DelegatingConstructorAccessorImpl.java:45)
at java.base/java.lang.reflect.Constructor.newInstanceWithCaller(Constructor.java:499)
at java.base/java.lang.reflect.Constructor.newInstance(Constructor.java:480)
at org.openqa.selenium.remote.codec.w3c.W3CHttpResponseCodec.createException(W3CHttpResponseCodec.java:200)
at org.openqa.selenium.remote.codec.w3c.W3CHttpResponseCodec.decode(W3CHttpResponseCodec.java:133)
at org.openqa.selenium.remote.codec.w3c.W3CHttpResponseCodec.decode(W3CHttpResponseCodec.java:52)
at org.openqa.selenium.remote.HttpCommandExecutor.execute(HttpCommandExecutor.java:191)
at io.appium.java_client.remote.AppiumCommandExecutor.execute(AppiumCommandExecutor.java:238)
at org.openqa.selenium.remote.RemoteWebDriver.execute(RemoteWebDriver.java:523)
at org.openqa.selenium.remote.RemoteWebElement.execute(RemoteWebElement.java:224)
at org.openqa.selenium.remote.RemoteWebElement.click(RemoteWebElement.java:77)
at Resources.COOClass.clientConversionRequestAccept(COOClass.java:169)
at java.base/jdk.internal.reflect.NativeMethodAccessorImpl.invoke0(Native Method)
at java.base/jdk.internal.reflect.NativeMethodAccessorImpl.invoke(NativeMethodAccessorImpl.java:77)
at java.base/jdk.internal.reflect.DelegatingMethodAccessorImpl.invoke(DelegatingMethodAccessorImpl.java:43)
at java.base/java.lang.reflect.Method.invoke(Method.java:568)
at org.testng.internal.invokers.MethodInvocationHelper.invokeMethod(MethodInvocationHelper.java:139)
at org.testng.internal.invokers.TestInvoker.invokeMethod(TestInvoker.java:677)
at org.testng.internal.invokers.TestInvoker.invokeTestMethod(TestInvoker.java:221)
at org.testng.internal.invokers.MethodRunner.runInSequence(MethodRunner.java:50)
at org.testng.internal.invokers.TestInvoker$MethodInvocationAgent.invoke(TestInvoker.java:962)
at org.testng.internal.invokers.TestInvoker.invokeTestMethods(TestInvoker.java:194)
at org.testng.internal.invokers.TestMethodWorker.invokeTestMethods(TestMethodWorker.java:148)
at org.testng.internal.invokers.TestMethodWorker.run(TestMethodWorker.java:128)
at java.base/java.util.ArrayList.forEach(ArrayList.java:1511)
at org.testng.TestRunner.privateRun(TestRunner.java:806)
at org.testng.TestRunner.run(TestRunner.java:601)
at org.testng.SuiteRunner.runTest(SuiteRunner.java:433)
at org.testng.SuiteRunner.runSequentially(SuiteRunner.java:427)
at org.testng.SuiteRunner.privateRun(SuiteRunner.java:387)
at org.testng.SuiteRunner.run(SuiteRunner.java:330)
at org.testng.SuiteRunnerWorker.runSuite(SuiteRunnerWorker.java:52)
at org.testng.SuiteRunnerWorker.run(SuiteRunnerWorker.java:95)
at org.testng.TestNG.runSuitesSequentially(TestNG.java:1256)
at org.testng.TestNG.runSuitesLocally(TestNG.java:1176)
at org.testng.TestNG.runSuites(TestNG.java:1099)
at org.testng.TestNG.run(TestNG.java:1067)
at org.testng.remote.AbstractRemoteTestNG.run(AbstractRemoteTestNG.java:115)
at org.testng.remote.RemoteTestNG.initAndRun(RemoteTestNG.java:251)
at org.testng.remote.RemoteTestNG.main(RemoteTestNG.java:77)
]]>
            </full-stacktrace>
          </exception> <!-- org.openqa.selenium.StaleElementReferenceException -->
          <reporter-output>
          </reporter-output>
        </test-method> <!-- clientConversionRequestAccept -->
        <test-method is-config="true" signature="initializeUtility()[pri:0, instance:Resources.COOClass@4bef0fe3]" started-at="2024-03-16T12:53:01 IST" name="initializeUtility" finished-at="2024-03-16T12:53:01 IST" duration-ms="1" status="PASS">
          <reporter-output>
          </reporter-output>
        </test-method> <!-- initializeUtility -->
        <test-method signature="getLogout()[pri:4, instance:Resources.COOClass@4bef0fe3]" started-at="2024-03-16T12:53:01 IST" name="getLogout" finished-at="2024-03-16T12:53:35 IST" duration-ms="33418" status="FAIL">
          <exception class="org.openqa.selenium.NoSuchElementException">
            <message>
              <![CDATA[An element could not be located on the page using the given search parameters.
For documentation on this error, please visit: https://www.selenium.dev/documentation/webdriver/troubleshooting/errors#no-such-element-exception
Build info: version: '4.16.1', revision: '9b4c83354e'
System info: os.name: 'Windows 10', os.arch: 'amd64', os.version: '10.0', java.version: '17.0.6'
Driver info: io.appium.java_client.android.AndroidDriver
Command: [36c7ad27-7064-44fd-b012-9b83b9fbf0ec, findElement {using=xpath, value=//android.widget.ImageView[@resource-id="com.ssi.agroworlds:id/menuOption"]}]
Capabilities {appium:appActivity: com.ssi.agroworlds.view.ui...., appium:appPackage: com.ssi.agroworlds, appium:autoGrantPermissions: true, appium:automationName: UiAutomator2, appium:databaseEnabled: false, appium:desired: {appActivity: com.ssi.agroworlds.view.ui...., appPackage: com.ssi.agroworlds, autoGrantPermissions: true, automationName: UiAutomator2, deviceName: vivo Y36, platformName: ANDROID, platformVersion: 13, udid: 10BDB70PG4000XX}, appium:deviceApiLevel: 33, appium:deviceManufacturer: vivo, appium:deviceModel: V2247, appium:deviceName: 10BDB70PG4000XX, appium:deviceScreenDensity: 440, appium:deviceScreenSize: 1080x2388, appium:deviceUDID: 10BDB70PG4000XX, appium:javascriptEnabled: true, appium:locationContextEnabled: false, appium:networkConnectionEnabled: true, appium:pixelRatio: 2.75, appium:platformVersion: 13, appium:statBarHeight: 99, appium:takesScreenshot: true, appium:udid: 10BDB70PG4000XX, appium:viewportRect: {height: 2289, left: 0, top: 99, width: 1080}, appium:warnings: {}, appium:webStorageEnabled: false, platformName: ANDROID}
Session ID: 36c7ad27-7064-44fd-b012-9b83b9fbf0ec]]>
            </message>
            <full-stacktrace>
              <![CDATA[org.openqa.selenium.NoSuchElementException: An element could not be located on the page using the given search parameters.
For documentation on this error, please visit: https://www.selenium.dev/documentation/webdriver/troubleshooting/errors#no-such-element-exception
Build info: version: '4.16.1', revision: '9b4c83354e'
System info: os.name: 'Windows 10', os.arch: 'amd64', os.version: '10.0', java.version: '17.0.6'
Driver info: io.appium.java_client.android.AndroidDriver
Command: [36c7ad27-7064-44fd-b012-9b83b9fbf0ec, findElement {using=xpath, value=//android.widget.ImageView[@resource-id="com.ssi.agroworlds:id/menuOption"]}]
Capabilities {appium:appActivity: com.ssi.agroworlds.view.ui...., appium:appPackage: com.ssi.agroworlds, appium:autoGrantPermissions: true, appium:automationName: UiAutomator2, appium:databaseEnabled: false, appium:desired: {appActivity: com.ssi.agroworlds.view.ui...., appPackage: com.ssi.agroworlds, autoGrantPermissions: true, automationName: UiAutomator2, deviceName: vivo Y36, platformName: ANDROID, platformVersion: 13, udid: 10BDB70PG4000XX}, appium:deviceApiLevel: 33, appium:deviceManufacturer: vivo, appium:deviceModel: V2247, appium:deviceName: 10BDB70PG4000XX, appium:deviceScreenDensity: 440, appium:deviceScreenSize: 1080x2388, appium:deviceUDID: 10BDB70PG4000XX, appium:javascriptEnabled: true, appium:locationContextEnabled: false, appium:networkConnectionEnabled: true, appium:pixelRatio: 2.75, appium:platformVersion: 13, appium:statBarHeight: 99, appium:takesScreenshot: true, appium:udid: 10BDB70PG4000XX, appium:viewportRect: {height: 2289, left: 0, top: 99, width: 1080}, appium:warnings: {}, appium:webStorageEnabled: false, platformName: ANDROID}
Session ID: 36c7ad27-7064-44fd-b012-9b83b9fbf0ec
at java.base/jdk.internal.reflect.NativeConstructorAccessorImpl.newInstance0(Native Method)
at java.base/jdk.internal.reflect.NativeConstructorAccessorImpl.newInstance(NativeConstructorAccessorImpl.java:77)
at java.base/jdk.internal.reflect.DelegatingConstructorAccessorImpl.newInstance(DelegatingConstructorAccessorImpl.java:45)
at java.base/java.lang.reflect.Constructor.newInstanceWithCaller(Constructor.java:499)
at java.base/java.lang.reflect.Constructor.newInstance(Constructor.java:480)
at org.openqa.selenium.remote.codec.w3c.W3CHttpResponseCodec.createException(W3CHttpResponseCodec.java:200)
at org.openqa.selenium.remote.codec.w3c.W3CHttpResponseCodec.decode(W3CHttpResponseCodec.java:133)
at org.openqa.selenium.remote.codec.w3c.W3CHttpResponseCodec.decode(W3CHttpResponseCodec.java:52)
at org.openqa.selenium.remote.HttpCommandExecutor.execute(HttpCommandExecutor.java:191)
at io.appium.java_client.remote.AppiumCommandExecutor.execute(AppiumCommandExecutor.java:238)
at org.openqa.selenium.remote.RemoteWebDriver.execute(RemoteWebDriver.java:523)
at org.openqa.selenium.remote.ElementLocation$ElementFinder$2.findElement(ElementLocation.java:165)
at org.openqa.selenium.remote.ElementLocation.findElement(ElementLocation.java:59)
at org.openqa.selenium.remote.RemoteWebDriver.findElement(RemoteWebDriver.java:360)
at org.openqa.selenium.remote.RemoteWebDriver.findElement(RemoteWebDriver.java:354)
at utility.Utility.logout(Utility.java:380)
at Resources.COOClass.getLogout(COOClass.java:179)
at java.base/jdk.internal.reflect.NativeMethodAccessorImpl.invoke0(Native Method)
at java.base/jdk.internal.reflect.NativeMethodAccessorImpl.invoke(NativeMethodAccessorImpl.java:77)
at java.base/jdk.internal.reflect.DelegatingMethodAccessorImpl.invoke(DelegatingMethodAccessorImpl.java:43)
at java.base/java.lang.reflect.Method.invoke(Method.java:568)
at org.testng.internal.invokers.MethodInvocationHelper.invokeMethod(MethodInvocationHelper.java:139)
at org.testng.internal.invokers.TestInvoker.invokeMethod(TestInvoker.java:677)
at org.testng.internal.invokers.TestInvoker.invokeTestMethod(TestInvoker.java:221)
at org.testng.internal.invokers.MethodRunner.runInSequence(MethodRunner.java:50)
at org.testng.internal.invokers.TestInvoker$MethodInvocationAgent.invoke(TestInvoker.java:962)
at org.testng.internal.invokers.TestInvoker.invokeTestMethods(TestInvoker.java:194)
at org.testng.internal.invokers.TestMethodWorker.invokeTestMethods(TestMethodWorker.java:148)
at org.testng.internal.invokers.TestMethodWorker.run(TestMethodWorker.java:128)
at java.base/java.util.ArrayList.forEach(ArrayList.java:1511)
at org.testng.TestRunner.privateRun(TestRunner.java:806)
at org.testng.TestRunner.run(TestRunner.java:601)
at org.testng.SuiteRunner.runTest(SuiteRunner.java:433)
at org.testng.SuiteRunner.runSequentially(SuiteRunner.java:427)
at org.testng.SuiteRunner.privateRun(SuiteRunner.java:387)
at org.testng.SuiteRunner.run(SuiteRunner.java:330)
at org.testng.SuiteRunnerWorker.runSuite(SuiteRunnerWorker.java:52)
at org.testng.SuiteRunnerWorker.run(SuiteRunnerWorker.java:95)
at org.testng.TestNG.runSuitesSequentially(TestNG.java:1256)
at org.testng.TestNG.runSuitesLocally(TestNG.java:1176)
at org.testng.TestNG.runSuites(TestNG.java:1099)
at org.testng.TestNG.run(TestNG.java:1067)
at org.testng.remote.AbstractRemoteTestNG.run(AbstractRemoteTestNG.java:115)
at org.testng.remote.RemoteTestNG.initAndRun(RemoteTestNG.java:251)
at org.testng.remote.RemoteTestNG.main(RemoteTestNG.java:77)
]]>
            </full-stacktrace>
          </exception> <!-- org.openqa.selenium.NoSuchElementException -->
          <reporter-output>
          </reporter-output>
        </test-method> <!-- getLogout -->
      </class> <!-- Resources.COOClass -->
    </test> <!-- Test -->
  </suite> <!-- Suite -->
</testng-results>
